  01 顺序二叉树.cpp
  02 链二叉树.cpp
E:\0 Expedition\Data Structure & Algorithms\2 B站 王卓 - GitHub Repo\Data-Structure-and-Algorithm\04 树和二叉树\config.h(11,1): warning C4005: “OVERFLOW”: 宏重定义
D:\Windows Kits\10\Include\10.0.19041.0\ucrt\corecrt_math.h(965): message : 参见“OVERFLOW”的前一个定义
E:\0 Expedition\Data Structure & Algorithms\2 B站 王卓 - GitHub Repo\Data-Structure-and-Algorithm\04 树和二叉树\config.h(12,1): warning C4005: “UNDERFLOW”: 宏重定义
D:\Windows Kits\10\Include\10.0.19041.0\ucrt\corecrt_math.h(966): message : 参见“UNDERFLOW”的前一个定义
  XX 顺序循环队列.cpp
E:\0 Expedition\Data Structure & Algorithms\2 B站 王卓 - GitHub Repo\Data-Structure-and-Algorithm\04 树和二叉树\config.h(11,1): warning C4005: “OVERFLOW”: 宏重定义
D:\Windows Kits\10\Include\10.0.19041.0\ucrt\corecrt_math.h(965): message : 参见“OVERFLOW”的前一个定义
E:\0 Expedition\Data Structure & Algorithms\2 B站 王卓 - GitHub Repo\Data-Structure-and-Algorithm\04 树和二叉树\config.h(12,1): warning C4005: “UNDERFLOW”: 宏重定义
D:\Windows Kits\10\Include\10.0.19041.0\ucrt\corecrt_math.h(966): message : 参见“UNDERFLOW”的前一个定义
  XX 顺序栈.cpp
E:\0 Expedition\Data Structure & Algorithms\2 B站 王卓 - GitHub Repo\Data-Structure-and-Algorithm\04 树和二叉树\config.h(11,1): warning C4005: “OVERFLOW”: 宏重定义
D:\Windows Kits\10\Include\10.0.19041.0\ucrt\corecrt_math.h(965): message : 参见“OVERFLOW”的前一个定义
E:\0 Expedition\Data Structure & Algorithms\2 B站 王卓 - GitHub Repo\Data-Structure-and-Algorithm\04 树和二叉树\config.h(12,1): warning C4005: “UNDERFLOW”: 宏重定义
D:\Windows Kits\10\Include\10.0.19041.0\ucrt\corecrt_math.h(966): message : 参见“UNDERFLOW”的前一个定义
E:\0 Expedition\Data Structure & Algorithms\2 B站 王卓 - GitHub Repo\Data-Structure-and-Algorithm\04 树和二叉树\XX 顺序栈.cpp(36,10): warning C4244: “初始化”: 从“__int64”转换到“int”，可能丢失数据
E:\0 Expedition\Data Structure & Algorithms\2 B站 王卓 - GitHub Repo\Data-Structure-and-Algorithm\04 树和二叉树\XX 顺序栈.cpp(56,15): warning C4244: “return”: 从“__int64”转换到“int”，可能丢失数据
  正在生成代码...
E:\0 Expedition\Data Structure & Algorithms\2 B站 王卓 - GitHub Repo\Data-Structure-and-Algorithm\04 树和二叉树\XX 顺序循环队列.cpp(67): warning C4715: “GetHead”: 不是所有的控件路径都返回值
E:\0 Expedition\Data Structure & Algorithms\2 B站 王卓 - GitHub Repo\Data-Structure-and-Algorithm\04 树和二叉树\XX 顺序循环队列.cpp(14): warning C4715: “InitQueue”: 不是所有的控件路径都返回值
E:\0 Expedition\Data Structure & Algorithms\2 B站 王卓 - GitHub Repo\Data-Structure-and-Algorithm\04 树和二叉树\02 链二叉树.cpp(45): warning C4715: “InOrderTraverse”: 不是所有的控件路径都返回值
E:\0 Expedition\Data Structure & Algorithms\2 B站 王卓 - GitHub Repo\Data-Structure-and-Algorithm\04 树和二叉树\02 链二叉树.cpp(30): warning C4715: “PreOrderTraverse”: 不是所有的控件路径都返回值
E:\0 Expedition\Data Structure & Algorithms\2 B站 王卓 - GitHub Repo\Data-Structure-and-Algorithm\04 树和二叉树\02 链二叉树.cpp(60): warning C4715: “PostOrderTraverse”: 不是所有的控件路径都返回值
  04 树和二叉树.vcxproj -> E:\0 Expedition\Data Structure & Algorithms\2 B站 王卓 - GitHub Repo\Data-Structure-and-Algorithm\04 树和二叉树\x64\Debug\04 树和二叉树.exe
